2023-04-12 23:01:26 |INFO  |background-preinit |Version.java:21 |org.hibernate.validator.internal.util.Version |HV000001: Hibernate Validator 6.2.2.Final
2023-04-12 23:01:26 |INFO  |main |StartupInfoLogger.java:55 |com.ahzx.hndctservice.HnDctServiceApplication |Starting HnDctServiceApplication using Java 1.8.0_291 on SeirMeng with PID 8320 (D:\Acode\github\hn-dct-service\target\classes started by Xiehd in D:\Acode\github\hn-dct-service)
2023-04-12 23:01:26 |INFO  |main |SpringApplication.java:681 |com.ahzx.hndctservice.HnDctServiceApplication |The following 1 profile is active: "dev"
2023-04-12 23:01:27 |INFO  |main |RepositoryConfigurationDelegate.java:262 |org.springframework.data.repository.config.RepositoryConfigurationDelegate |Multiple Spring Data modules found, entering strict repository configuration mode!
2023-04-12 23:01:27 |INFO  |main |RepositoryConfigurationDelegate.java:132 |org.springframework.data.repository.config.RepositoryConfigurationDelegate |Bootstrapping Spring Data JDBC repositories in DEFAULT mode.
2023-04-12 23:01:27 |INFO  |main |RepositoryConfigurationDelegate.java:201 |org.springframework.data.repository.config.RepositoryConfigurationDelegate |Finished Spring Data repository scanning in 24 ms. Found 0 JDBC repository interfaces.
2023-04-12 23:01:28 |INFO  |main |TomcatWebServer.java:108 |org.springframework.boot.web.embedded.tomcat.TomcatWebServer |Tomcat initialized with port(s): 18080 (http)
2023-04-12 23:01:28 |INFO  |main |DirectJDKLog.java:173 |org.apache.coyote.http11.Http11NioProtocol |Initializing ProtocolHandler ["http-nio-18080"]
2023-04-12 23:01:28 |INFO  |main |DirectJDKLog.java:173 |org.apache.catalina.core.StandardService |Starting service [Tomcat]
2023-04-12 23:01:28 |INFO  |main |DirectJDKLog.java:173 |org.apache.catalina.core.StandardEngine |Starting Servlet engine: [Apache Tomcat/9.0.58]
2023-04-12 23:01:28 |INFO  |main |DirectJDKLog.java:173 |org.apache.catalina.core.ContainerBase.[Tomcat].[localhost].[/hn-dct-service-dev] |Initializing Spring embedded WebApplicationContext
2023-04-12 23:01:28 |INFO  |main |ServletWebServerApplicationContext.java:290 |org.springframework.boot.web.servlet.context.ServletWebServerApplicationContext |Root WebApplicationContext: initialization completed in 1809 ms
2023-04-12 23:01:31 |INFO  |main |DefaultSecurityFilterChain.java:52 |org.springframework.security.web.DefaultSecurityFilterChain |Will not secure any request
2023-04-12 23:01:31 |INFO  |main |PropertySourcedRequestMappingHandlerMapping.java:69 |springfox.documentation.spring.web.PropertySourcedRequestMappingHandlerMapping |Mapped URL path [/v2/api-docs] onto method [springfox.documentation.swagger2.web.Swagger2Controller#getDocumentation(String, HttpServletRequest)]
2023-04-12 23:01:31 |INFO  |main |HikariDataSource.java:110 |com.zaxxer.hikari.HikariDataSource |HikariPool-1 - Starting...
2023-04-12 23:01:32 |INFO  |main |HikariDataSource.java:123 |com.zaxxer.hikari.HikariDataSource |HikariPool-1 - Start completed.
2023-04-12 23:01:32 |INFO  |main |DirectJDKLog.java:173 |org.apache.coyote.http11.Http11NioProtocol |Starting ProtocolHandler ["http-nio-18080"]
2023-04-12 23:01:32 |INFO  |main |TomcatWebServer.java:220 |org.springframework.boot.web.embedded.tomcat.TomcatWebServer |Tomcat started on port(s): 18080 (http) with context path '/hn-dct-service-dev'
2023-04-12 23:01:32 |INFO  |main |DocumentationPluginsBootstrapper.java:160 |springfox.documentation.spring.web.plugins.DocumentationPluginsBootstrapper |Context refreshed
2023-04-12 23:01:32 |INFO  |main |DocumentationPluginsBootstrapper.java:163 |springfox.documentation.spring.web.plugins.DocumentationPluginsBootstrapper |Found 2 custom documentation plugin(s)
2023-04-12 23:01:32 |INFO  |main |ApiListingReferenceScanner.java:41 |springfox.documentation.spring.web.scanners.ApiListingReferenceScanner |Scanning for api listing references
2023-04-12 23:01:32 |INFO  |main |CachingOperationNameGenerator.java:40 |springfox.documentation.spring.web.readers.operation.CachingOperationNameGenerator |Generating unique operation named: btDataUsingPOST_1
2023-04-12 23:01:32 |INFO  |main |CachingOperationNameGenerator.java:40 |springfox.documentation.spring.web.readers.operation.CachingOperationNameGenerator |Generating unique operation named: daDataUsingPOST_1
2023-04-12 23:01:32 |INFO  |main |CachingOperationNameGenerator.java:40 |springfox.documentation.spring.web.readers.operation.CachingOperationNameGenerator |Generating unique operation named: daDataUpdateUsingPOST_1
2023-04-12 23:01:32 |INFO  |main |CachingOperationNameGenerator.java:40 |springfox.documentation.spring.web.readers.operation.CachingOperationNameGenerator |Generating unique operation named: hkDataUsingPOST_1
2023-04-12 23:01:32 |INFO  |main |CachingOperationNameGenerator.java:40 |springfox.documentation.spring.web.readers.operation.CachingOperationNameGenerator |Generating unique operation named: hkDataUpdateUsingPOST_1
2023-04-12 23:01:32 |INFO  |main |CachingOperationNameGenerator.java:40 |springfox.documentation.spring.web.readers.operation.CachingOperationNameGenerator |Generating unique operation named: qzDataUsingPOST_1
2023-04-12 23:01:32 |INFO  |main |CachingOperationNameGenerator.java:40 |springfox.documentation.spring.web.readers.operation.CachingOperationNameGenerator |Generating unique operation named: qzDataUpdateUsingPOST_1
2023-04-12 23:01:32 |INFO  |main |CachingOperationNameGenerator.java:40 |springfox.documentation.spring.web.readers.operation.CachingOperationNameGenerator |Generating unique operation named: wcDataUsingPOST_1
2023-04-12 23:01:32 |INFO  |main |CachingOperationNameGenerator.java:40 |springfox.documentation.spring.web.readers.operation.CachingOperationNameGenerator |Generating unique operation named: wcDataUpdateUsingPOST_1
2023-04-12 23:01:32 |INFO  |main |CachingOperationNameGenerator.java:40 |springfox.documentation.spring.web.readers.operation.CachingOperationNameGenerator |Generating unique operation named: wzsDataUsingPOST_1
2023-04-12 23:01:32 |INFO  |main |CachingOperationNameGenerator.java:40 |springfox.documentation.spring.web.readers.operation.CachingOperationNameGenerator |Generating unique operation named: wzsDataUpdateUsingPOST_1
2023-04-12 23:01:32 |INFO  |main |ApiListingReferenceScanner.java:41 |springfox.documentation.spring.web.scanners.ApiListingReferenceScanner |Scanning for api listing references
2023-04-12 23:01:32 |INFO  |main |CachingOperationNameGenerator.java:40 |springfox.documentation.spring.web.readers.operation.CachingOperationNameGenerator |Generating unique operation named: baseDataUsingPOST_1
2023-04-12 23:01:32 |INFO  |main |CachingOperationNameGenerator.java:40 |springfox.documentation.spring.web.readers.operation.CachingOperationNameGenerator |Generating unique operation named: dataListUsingPOST_1
2023-04-12 23:01:32 |INFO  |main |CachingOperationNameGenerator.java:40 |springfox.documentation.spring.web.readers.operation.CachingOperationNameGenerator |Generating unique operation named: statisticsDataUsingPOST_1
2023-04-12 23:01:32 |INFO  |main |CachingOperationNameGenerator.java:40 |springfox.documentation.spring.web.readers.operation.CachingOperationNameGenerator |Generating unique operation named: btDataUsingPOST_2
2023-04-12 23:01:33 |INFO  |main |CachingOperationNameGenerator.java:40 |springfox.documentation.spring.web.readers.operation.CachingOperationNameGenerator |Generating unique operation named: btDataUpUsingPOST_1
2023-04-12 23:01:33 |INFO  |main |CachingOperationNameGenerator.java:40 |springfox.documentation.spring.web.readers.operation.CachingOperationNameGenerator |Generating unique operation named: daDataUsingPOST_2
2023-04-12 23:01:33 |INFO  |main |CachingOperationNameGenerator.java:40 |springfox.documentation.spring.web.readers.operation.CachingOperationNameGenerator |Generating unique operation named: daDataUpdateUsingPOST_2
2023-04-12 23:01:33 |INFO  |main |CachingOperationNameGenerator.java:40 |springfox.documentation.spring.web.readers.operation.CachingOperationNameGenerator |Generating unique operation named: hkDataUsingPOST_2
2023-04-12 23:01:33 |INFO  |main |CachingOperationNameGenerator.java:40 |springfox.documentation.spring.web.readers.operation.CachingOperationNameGenerator |Generating unique operation named: hkDataUpdateUsingPOST_2
2023-04-12 23:01:33 |INFO  |main |CachingOperationNameGenerator.java:40 |springfox.documentation.spring.web.readers.operation.CachingOperationNameGenerator |Generating unique operation named: qzDataUsingPOST_2
2023-04-12 23:01:33 |INFO  |main |CachingOperationNameGenerator.java:40 |springfox.documentation.spring.web.readers.operation.CachingOperationNameGenerator |Generating unique operation named: qzDataUpdateUsingPOST_2
2023-04-12 23:01:33 |INFO  |main |CachingOperationNameGenerator.java:40 |springfox.documentation.spring.web.readers.operation.CachingOperationNameGenerator |Generating unique operation named: syDataUsingPOST_1
2023-04-12 23:01:33 |INFO  |main |CachingOperationNameGenerator.java:40 |springfox.documentation.spring.web.readers.operation.CachingOperationNameGenerator |Generating unique operation named: syDataUpdateUsingPOST_1
2023-04-12 23:01:33 |INFO  |main |CachingOperationNameGenerator.java:40 |springfox.documentation.spring.web.readers.operation.CachingOperationNameGenerator |Generating unique operation named: wcDataUsingPOST_2
2023-04-12 23:01:33 |INFO  |main |CachingOperationNameGenerator.java:40 |springfox.documentation.spring.web.readers.operation.CachingOperationNameGenerator |Generating unique operation named: wcDataUpdateUsingPOST_2
2023-04-12 23:01:33 |INFO  |main |CachingOperationNameGenerator.java:40 |springfox.documentation.spring.web.readers.operation.CachingOperationNameGenerator |Generating unique operation named: wzsDataUsingPOST_2
2023-04-12 23:01:33 |INFO  |main |CachingOperationNameGenerator.java:40 |springfox.documentation.spring.web.readers.operation.CachingOperationNameGenerator |Generating unique operation named: wzsDataUpdateUsingPOST_2
2023-04-12 23:01:33 |INFO  |main |CachingOperationNameGenerator.java:40 |springfox.documentation.spring.web.readers.operation.CachingOperationNameGenerator |Generating unique operation named: btDataUsingPOST_3
2023-04-12 23:01:33 |INFO  |main |CachingOperationNameGenerator.java:40 |springfox.documentation.spring.web.readers.operation.CachingOperationNameGenerator |Generating unique operation named: btDataUpdateUsingPOST_1
2023-04-12 23:01:33 |INFO  |main |CachingOperationNameGenerator.java:40 |springfox.documentation.spring.web.readers.operation.CachingOperationNameGenerator |Generating unique operation named: daDataUsingPOST_3
2023-04-12 23:01:33 |INFO  |main |CachingOperationNameGenerator.java:40 |springfox.documentation.spring.web.readers.operation.CachingOperationNameGenerator |Generating unique operation named: daDataUpdateUsingPOST_3
2023-04-12 23:01:33 |INFO  |main |CachingOperationNameGenerator.java:40 |springfox.documentation.spring.web.readers.operation.CachingOperationNameGenerator |Generating unique operation named: dataUsingPOST_1
2023-04-12 23:01:33 |INFO  |main |CachingOperationNameGenerator.java:40 |springfox.documentation.spring.web.readers.operation.CachingOperationNameGenerator |Generating unique operation named: dataUpdateUsingPOST_1
2023-04-12 23:01:33 |INFO  |main |CachingOperationNameGenerator.java:40 |springfox.documentation.spring.web.readers.operation.CachingOperationNameGenerator |Generating unique operation named: hkDataUsingPOST_3
2023-04-12 23:01:33 |INFO  |main |CachingOperationNameGenerator.java:40 |springfox.documentation.spring.web.readers.operation.CachingOperationNameGenerator |Generating unique operation named: hkDataUpdateUsingPOST_3
2023-04-12 23:01:33 |INFO  |main |CachingOperationNameGenerator.java:40 |springfox.documentation.spring.web.readers.operation.CachingOperationNameGenerator |Generating unique operation named: qzDataUsingPOST_3
2023-04-12 23:01:33 |INFO  |main |CachingOperationNameGenerator.java:40 |springfox.documentation.spring.web.readers.operation.CachingOperationNameGenerator |Generating unique operation named: qzDataUpdateUsingPOST_3
2023-04-12 23:01:33 |INFO  |main |CachingOperationNameGenerator.java:40 |springfox.documentation.spring.web.readers.operation.CachingOperationNameGenerator |Generating unique operation named: wcDataUsingPOST_3
2023-04-12 23:01:33 |INFO  |main |CachingOperationNameGenerator.java:40 |springfox.documentation.spring.web.readers.operation.CachingOperationNameGenerator |Generating unique operation named: wcDataUpdateUsingPOST_3
2023-04-12 23:01:33 |INFO  |main |CachingOperationNameGenerator.java:40 |springfox.documentation.spring.web.readers.operation.CachingOperationNameGenerator |Generating unique operation named: wzsDataUsingPOST_3
2023-04-12 23:01:33 |INFO  |main |CachingOperationNameGenerator.java:40 |springfox.documentation.spring.web.readers.operation.CachingOperationNameGenerator |Generating unique operation named: wzsDataUpdateUsingPOST_3
2023-04-12 23:01:33 |INFO  |main |CachingOperationNameGenerator.java:40 |springfox.documentation.spring.web.readers.operation.CachingOperationNameGenerator |Generating unique operation named: getValueTemplateUsingPOST_1
2023-04-12 23:01:33 |INFO  |main |CachingOperationNameGenerator.java:40 |springfox.documentation.spring.web.readers.operation.CachingOperationNameGenerator |Generating unique operation named: getCpachaUsingGET_1
2023-04-12 23:01:33 |INFO  |main |CachingOperationNameGenerator.java:40 |springfox.documentation.spring.web.readers.operation.CachingOperationNameGenerator |Generating unique operation named: userLoginUsingPOST_1
2023-04-12 23:01:33 |INFO  |main |StartupInfoLogger.java:61 |com.ahzx.hndctservice.HnDctServiceApplication |Started HnDctServiceApplication in 7.117 seconds (JVM running for 8.529)
2023-04-12 23:01:33 |INFO  |main |HnDctServiceApplication.java:18 |com.ahzx.hndctservice.HnDctServiceApplication |项目启动成功
2023-04-12 23:06:29 |INFO  |SpringApplicationShutdownHook |HikariDataSource.java:350 |com.zaxxer.hikari.HikariDataSource |HikariPool-1 - Shutdown initiated...
2023-04-12 23:06:29 |INFO  |SpringApplicationShutdownHook |HikariDataSource.java:352 |com.zaxxer.hikari.HikariDataSource |HikariPool-1 - Shutdown completed.
2023-04-12 23:06:36 |INFO  |background-preinit |Version.java:21 |org.hibernate.validator.internal.util.Version |HV000001: Hibernate Validator 6.2.2.Final
2023-04-12 23:06:36 |INFO  |main |StartupInfoLogger.java:55 |com.ahzx.hndctservice.HnDctServiceApplication |Starting HnDctServiceApplication using Java 1.8.0_291 on SeirMeng with PID 2972 (D:\Acode\github\hn-dct-service\target\classes started by Xiehd in D:\Acode\github\hn-dct-service)
2023-04-12 23:06:36 |INFO  |main |SpringApplication.java:681 |com.ahzx.hndctservice.HnDctServiceApplication |The following 1 profile is active: "dev"
2023-04-12 23:06:37 |INFO  |main |RepositoryConfigurationDelegate.java:262 |org.springframework.data.repository.config.RepositoryConfigurationDelegate |Multiple Spring Data modules found, entering strict repository configuration mode!
2023-04-12 23:06:37 |INFO  |main |RepositoryConfigurationDelegate.java:132 |org.springframework.data.repository.config.RepositoryConfigurationDelegate |Bootstrapping Spring Data JDBC repositories in DEFAULT mode.
2023-04-12 23:06:37 |INFO  |main |RepositoryConfigurationDelegate.java:201 |org.springframework.data.repository.config.RepositoryConfigurationDelegate |Finished Spring Data repository scanning in 25 ms. Found 0 JDBC repository interfaces.
2023-04-12 23:06:38 |INFO  |main |TomcatWebServer.java:108 |org.springframework.boot.web.embedded.tomcat.TomcatWebServer |Tomcat initialized with port(s): 18080 (http)
2023-04-12 23:06:38 |INFO  |main |DirectJDKLog.java:173 |org.apache.coyote.http11.Http11NioProtocol |Initializing ProtocolHandler ["http-nio-18080"]
2023-04-12 23:06:38 |INFO  |main |DirectJDKLog.java:173 |org.apache.catalina.core.StandardService |Starting service [Tomcat]
2023-04-12 23:06:38 |INFO  |main |DirectJDKLog.java:173 |org.apache.catalina.core.StandardEngine |Starting Servlet engine: [Apache Tomcat/9.0.58]
2023-04-12 23:06:38 |INFO  |main |DirectJDKLog.java:173 |org.apache.catalina.core.ContainerBase.[Tomcat].[localhost].[/hn-dct-service-dev] |Initializing Spring embedded WebApplicationContext
2023-04-12 23:06:38 |INFO  |main |ServletWebServerApplicationContext.java:290 |org.springframework.boot.web.servlet.context.ServletWebServerApplicationContext |Root WebApplicationContext: initialization completed in 2094 ms
2023-04-12 23:06:41 |INFO  |main |DefaultSecurityFilterChain.java:52 |org.springframework.security.web.DefaultSecurityFilterChain |Will not secure any request
2023-04-12 23:06:41 |INFO  |main |PropertySourcedRequestMappingHandlerMapping.java:69 |springfox.documentation.spring.web.PropertySourcedRequestMappingHandlerMapping |Mapped URL path [/v2/api-docs] onto method [springfox.documentation.swagger2.web.Swagger2Controller#getDocumentation(String, HttpServletRequest)]
2023-04-12 23:06:41 |INFO  |main |HikariDataSource.java:110 |com.zaxxer.hikari.HikariDataSource |HikariPool-1 - Starting...
2023-04-12 23:06:42 |INFO  |main |HikariDataSource.java:123 |com.zaxxer.hikari.HikariDataSource |HikariPool-1 - Start completed.
2023-04-12 23:06:42 |INFO  |main |DirectJDKLog.java:173 |org.apache.coyote.http11.Http11NioProtocol |Starting ProtocolHandler ["http-nio-18080"]
2023-04-12 23:06:42 |INFO  |main |TomcatWebServer.java:220 |org.springframework.boot.web.embedded.tomcat.TomcatWebServer |Tomcat started on port(s): 18080 (http) with context path '/hn-dct-service-dev'
2023-04-12 23:06:42 |INFO  |main |DocumentationPluginsBootstrapper.java:160 |springfox.documentation.spring.web.plugins.DocumentationPluginsBootstrapper |Context refreshed
2023-04-12 23:06:42 |INFO  |main |DocumentationPluginsBootstrapper.java:163 |springfox.documentation.spring.web.plugins.DocumentationPluginsBootstrapper |Found 2 custom documentation plugin(s)
2023-04-12 23:06:42 |INFO  |main |ApiListingReferenceScanner.java:41 |springfox.documentation.spring.web.scanners.ApiListingReferenceScanner |Scanning for api listing references
2023-04-12 23:06:42 |INFO  |main |CachingOperationNameGenerator.java:40 |springfox.documentation.spring.web.readers.operation.CachingOperationNameGenerator |Generating unique operation named: btDataUsingPOST_1
2023-04-12 23:06:42 |INFO  |main |CachingOperationNameGenerator.java:40 |springfox.documentation.spring.web.readers.operation.CachingOperationNameGenerator |Generating unique operation named: daDataUsingPOST_1
2023-04-12 23:06:42 |INFO  |main |CachingOperationNameGenerator.java:40 |springfox.documentation.spring.web.readers.operation.CachingOperationNameGenerator |Generating unique operation named: daDataUpdateUsingPOST_1
2023-04-12 23:06:43 |INFO  |main |CachingOperationNameGenerator.java:40 |springfox.documentation.spring.web.readers.operation.CachingOperationNameGenerator |Generating unique operation named: hkDataUsingPOST_1
2023-04-12 23:06:43 |INFO  |main |CachingOperationNameGenerator.java:40 |springfox.documentation.spring.web.readers.operation.CachingOperationNameGenerator |Generating unique operation named: hkDataUpdateUsingPOST_1
2023-04-12 23:06:43 |INFO  |main |CachingOperationNameGenerator.java:40 |springfox.documentation.spring.web.readers.operation.CachingOperationNameGenerator |Generating unique operation named: qzDataUsingPOST_1
2023-04-12 23:06:43 |INFO  |main |CachingOperationNameGenerator.java:40 |springfox.documentation.spring.web.readers.operation.CachingOperationNameGenerator |Generating unique operation named: qzDataUpdateUsingPOST_1
2023-04-12 23:06:43 |INFO  |main |CachingOperationNameGenerator.java:40 |springfox.documentation.spring.web.readers.operation.CachingOperationNameGenerator |Generating unique operation named: wcDataUsingPOST_1
2023-04-12 23:06:43 |INFO  |main |CachingOperationNameGenerator.java:40 |springfox.documentation.spring.web.readers.operation.CachingOperationNameGenerator |Generating unique operation named: wcDataUpdateUsingPOST_1
2023-04-12 23:06:43 |INFO  |main |CachingOperationNameGenerator.java:40 |springfox.documentation.spring.web.readers.operation.CachingOperationNameGenerator |Generating unique operation named: wzsDataUsingPOST_1
2023-04-12 23:06:43 |INFO  |main |CachingOperationNameGenerator.java:40 |springfox.documentation.spring.web.readers.operation.CachingOperationNameGenerator |Generating unique operation named: wzsDataUpdateUsingPOST_1
2023-04-12 23:06:43 |INFO  |main |ApiListingReferenceScanner.java:41 |springfox.documentation.spring.web.scanners.ApiListingReferenceScanner |Scanning for api listing references
2023-04-12 23:06:43 |INFO  |main |CachingOperationNameGenerator.java:40 |springfox.documentation.spring.web.readers.operation.CachingOperationNameGenerator |Generating unique operation named: baseDataUsingPOST_1
2023-04-12 23:06:43 |INFO  |main |CachingOperationNameGenerator.java:40 |springfox.documentation.spring.web.readers.operation.CachingOperationNameGenerator |Generating unique operation named: dataListUsingPOST_1
2023-04-12 23:06:43 |INFO  |main |CachingOperationNameGenerator.java:40 |springfox.documentation.spring.web.readers.operation.CachingOperationNameGenerator |Generating unique operation named: statisticsDataUsingPOST_1
2023-04-12 23:06:43 |INFO  |main |CachingOperationNameGenerator.java:40 |springfox.documentation.spring.web.readers.operation.CachingOperationNameGenerator |Generating unique operation named: btDataUsingPOST_2
2023-04-12 23:06:43 |INFO  |main |CachingOperationNameGenerator.java:40 |springfox.documentation.spring.web.readers.operation.CachingOperationNameGenerator |Generating unique operation named: btDataUpUsingPOST_1
2023-04-12 23:06:43 |INFO  |main |CachingOperationNameGenerator.java:40 |springfox.documentation.spring.web.readers.operation.CachingOperationNameGenerator |Generating unique operation named: daDataUsingPOST_2
2023-04-12 23:06:43 |INFO  |main |CachingOperationNameGenerator.java:40 |springfox.documentation.spring.web.readers.operation.CachingOperationNameGenerator |Generating unique operation named: daDataUpdateUsingPOST_2
2023-04-12 23:06:43 |INFO  |main |CachingOperationNameGenerator.java:40 |springfox.documentation.spring.web.readers.operation.CachingOperationNameGenerator |Generating unique operation named: hkDataUsingPOST_2
2023-04-12 23:06:43 |INFO  |main |CachingOperationNameGenerator.java:40 |springfox.documentation.spring.web.readers.operation.CachingOperationNameGenerator |Generating unique operation named: hkDataUpdateUsingPOST_2
2023-04-12 23:06:43 |INFO  |main |CachingOperationNameGenerator.java:40 |springfox.documentation.spring.web.readers.operation.CachingOperationNameGenerator |Generating unique operation named: qzDataUsingPOST_2
2023-04-12 23:06:43 |INFO  |main |CachingOperationNameGenerator.java:40 |springfox.documentation.spring.web.readers.operation.CachingOperationNameGenerator |Generating unique operation named: qzDataUpdateUsingPOST_2
2023-04-12 23:06:43 |INFO  |main |CachingOperationNameGenerator.java:40 |springfox.documentation.spring.web.readers.operation.CachingOperationNameGenerator |Generating unique operation named: syDataUsingPOST_1
2023-04-12 23:06:43 |INFO  |main |CachingOperationNameGenerator.java:40 |springfox.documentation.spring.web.readers.operation.CachingOperationNameGenerator |Generating unique operation named: syDataUpdateUsingPOST_1
2023-04-12 23:06:43 |INFO  |main |CachingOperationNameGenerator.java:40 |springfox.documentation.spring.web.readers.operation.CachingOperationNameGenerator |Generating unique operation named: wcDataUsingPOST_2
2023-04-12 23:06:43 |INFO  |main |CachingOperationNameGenerator.java:40 |springfox.documentation.spring.web.readers.operation.CachingOperationNameGenerator |Generating unique operation named: wcDataUpdateUsingPOST_2
2023-04-12 23:06:43 |INFO  |main |CachingOperationNameGenerator.java:40 |springfox.documentation.spring.web.readers.operation.CachingOperationNameGenerator |Generating unique operation named: wzsDataUsingPOST_2
2023-04-12 23:06:43 |INFO  |main |CachingOperationNameGenerator.java:40 |springfox.documentation.spring.web.readers.operation.CachingOperationNameGenerator |Generating unique operation named: wzsDataUpdateUsingPOST_2
2023-04-12 23:06:43 |INFO  |main |CachingOperationNameGenerator.java:40 |springfox.documentation.spring.web.readers.operation.CachingOperationNameGenerator |Generating unique operation named: btDataUsingPOST_3
2023-04-12 23:06:43 |INFO  |main |CachingOperationNameGenerator.java:40 |springfox.documentation.spring.web.readers.operation.CachingOperationNameGenerator |Generating unique operation named: btDataUpdateUsingPOST_1
2023-04-12 23:06:43 |INFO  |main |CachingOperationNameGenerator.java:40 |springfox.documentation.spring.web.readers.operation.CachingOperationNameGenerator |Generating unique operation named: daDataUsingPOST_3
2023-04-12 23:06:43 |INFO  |main |CachingOperationNameGenerator.java:40 |springfox.documentation.spring.web.readers.operation.CachingOperationNameGenerator |Generating unique operation named: daDataUpdateUsingPOST_3
2023-04-12 23:06:43 |INFO  |main |CachingOperationNameGenerator.java:40 |springfox.documentation.spring.web.readers.operation.CachingOperationNameGenerator |Generating unique operation named: dataUsingPOST_1
2023-04-12 23:06:43 |INFO  |main |CachingOperationNameGenerator.java:40 |springfox.documentation.spring.web.readers.operation.CachingOperationNameGenerator |Generating unique operation named: dataUpdateUsingPOST_1
2023-04-12 23:06:43 |INFO  |main |CachingOperationNameGenerator.java:40 |springfox.documentation.spring.web.readers.operation.CachingOperationNameGenerator |Generating unique operation named: hkDataUsingPOST_3
2023-04-12 23:06:43 |INFO  |main |CachingOperationNameGenerator.java:40 |springfox.documentation.spring.web.readers.operation.CachingOperationNameGenerator |Generating unique operation named: hkDataUpdateUsingPOST_3
2023-04-12 23:06:43 |INFO  |main |CachingOperationNameGenerator.java:40 |springfox.documentation.spring.web.readers.operation.CachingOperationNameGenerator |Generating unique operation named: qzDataUsingPOST_3
2023-04-12 23:06:43 |INFO  |main |CachingOperationNameGenerator.java:40 |springfox.documentation.spring.web.readers.operation.CachingOperationNameGenerator |Generating unique operation named: qzDataUpdateUsingPOST_3
2023-04-12 23:06:43 |INFO  |main |CachingOperationNameGenerator.java:40 |springfox.documentation.spring.web.readers.operation.CachingOperationNameGenerator |Generating unique operation named: wcDataUsingPOST_3
2023-04-12 23:06:43 |INFO  |main |CachingOperationNameGenerator.java:40 |springfox.documentation.spring.web.readers.operation.CachingOperationNameGenerator |Generating unique operation named: wcDataUpdateUsingPOST_3
2023-04-12 23:06:43 |INFO  |main |CachingOperationNameGenerator.java:40 |springfox.documentation.spring.web.readers.operation.CachingOperationNameGenerator |Generating unique operation named: wzsDataUsingPOST_3
2023-04-12 23:06:43 |INFO  |main |CachingOperationNameGenerator.java:40 |springfox.documentation.spring.web.readers.operation.CachingOperationNameGenerator |Generating unique operation named: wzsDataUpdateUsingPOST_3
2023-04-12 23:06:43 |INFO  |main |CachingOperationNameGenerator.java:40 |springfox.documentation.spring.web.readers.operation.CachingOperationNameGenerator |Generating unique operation named: getValueTemplateUsingPOST_1
2023-04-12 23:06:43 |INFO  |main |CachingOperationNameGenerator.java:40 |springfox.documentation.spring.web.readers.operation.CachingOperationNameGenerator |Generating unique operation named: getCpachaUsingGET_1
2023-04-12 23:06:43 |INFO  |main |CachingOperationNameGenerator.java:40 |springfox.documentation.spring.web.readers.operation.CachingOperationNameGenerator |Generating unique operation named: userLoginUsingPOST_1
2023-04-12 23:06:43 |INFO  |main |StartupInfoLogger.java:61 |com.ahzx.hndctservice.HnDctServiceApplication |Started HnDctServiceApplication in 7.668 seconds (JVM running for 9.096)
2023-04-12 23:06:43 |INFO  |main |HnDctServiceApplication.java:18 |com.ahzx.hndctservice.HnDctServiceApplication |项目启动成功
